
-----

WeasyPrint could not import some external libraries. Please carefully follow the installation steps before reporting an issue:
https://doc.courtbouillon.org/weasyprint/stable/first_steps.html#installation
https://doc.courtbouillon.org/weasyprint/stable/first_steps.html#troubleshooting 

-----

DEBUG: UserPermissionViewSet.update called. request.data= {'user': 3, 'module': 1, 'menu': 1, 'can_view': True, 'can_create': True, 'can_edit': True, 'can_delete': False}
DEBUG: UserPermissionViewSet.update called. request.data= {'user': 3, 'module': 1, 'menu': 2, 'can_view': True, 'can_create': True, 'can_edit': True, 'can_delete': False}
DEBUG: UserPermissionViewSet.create called. request.data= {'user': 3, 'module': 1, 'menu': 3, 'can_view': True, 'can_create': True, 'can_edit': True, 'can_delete': False}
DEBUG: UserPermissionViewSet.create called. request.data= {'user': 3, 'module': 1, 'menu': 4, 'can_view': True, 'can_create': True, 'can_edit': True, 'can_delete': False}
DEBUG: UserPermissionViewSet.create called. request.data= {'user': 3, 'module': 1, 'menu': 5, 'can_view': True, 'can_create': True, 'can_edit': True, 'can_delete': False}
DEBUG: UserPermissionViewSet.update called. request.data= {'user': 3, 'module': 1, 'menu': 6, 'can_view': True, 'can_create': True, 'can_edit': True, 'can_delete': False}
DEBUG: UserPermissionViewSet.update called. request.data= {'user': 3, 'module': 2, 'menu': 7, 'can_view': True, 'can_create': True, 'can_edit': True, 'can_delete': False}
DEBUG: UserPermissionViewSet.create called. request.data= {'user': 3, 'module': 2, 'menu': 8, 'can_view': True, 'can_create': True, 'can_edit': True, 'can_delete': False}
DEBUG: UserPermissionViewSet.create called. request.data= {'user': 3, 'module': 2, 'menu': 9, 'can_view': True, 'can_create': True, 'can_edit': True, 'can_delete': False}
DEBUG: UserPermissionViewSet.create called. request.data= {'user': 3, 'module': 2, 'menu': 10, 'can_view': True, 'can_create': True, 'can_edit': True, 'can_delete': False}
DEBUG: UserPermissionViewSet.create called. request.data= {'user': 3, 'module': 2, 'menu': 11, 'can_view': True, 'can_create': True, 'can_edit': True, 'can_delete': False}

-----

WeasyPrint could not import some external libraries. Please carefully follow the installation steps before reporting an issue:
https://doc.courtbouillon.org/weasyprint/stable/first_steps.html#installation
https://doc.courtbouillon.org/weasyprint/stable/first_steps.html#troubleshooting 

-----

[api.urls] Import error: invalid decimal literal (view_inst_verification.py, line 746)
[api.urls] Import error: cannot import name 'Replace' from 'django.db.models' (C:\Users\Admin\AppData\Local\Programs\Python\Python312\Lib\site-packages\django\db\models\__init__.py)
[api.urls] Import error: unexpected indent (views_courses.py, line 36)
[api.urls] Import error: unexpected indent (views_Letter.py, line 387)
[DEBUG] Set default password for user id=8 to birthdate-derived value
DEBUG: UserPermissionViewSet.create called. request.data= {'user': 2, 'module': 4, 'menu': 12, 'can_view': True, 'can_create': True, 'can_edit': True, 'can_delete': False}
DEBUG: UserPermissionViewSet.create called. request.data= {'user': 2, 'module': 4, 'menu': 13, 'can_view': True, 'can_create': True, 'can_edit': True, 'can_delete': False}
DEBUG: UserPermissionViewSet.create called. request.data= {'user': 2, 'module': 4, 'menu': 14, 'can_view': True, 'can_create': True, 'can_edit': True, 'can_delete': False}
DEBUG: UserPermissionViewSet.create called. request.data= {'user': 2, 'module': 4, 'menu': 15, 'can_view': True, 'can_create': True, 'can_edit': True, 'can_delete': False}
DEBUG: UserPermissionViewSet.create called. request.data= {'user': 2, 'module': 4, 'menu': 16, 'can_view': True, 'can_create': True, 'can_edit': True, 'can_delete': False}
DEBUG: UserPermissionViewSet.create called. request.data= {'user': 2, 'module': 4, 'menu': 17, 'can_view': True, 'can_create': True, 'can_edit': True, 'can_delete': False}
DEBUG: UserPermissionViewSet.create called. request.data= {'user': 2, 'module': 5, 'menu': 18, 'can_view': True, 'can_create': True, 'can_edit': True, 'can_delete': False}
DEBUG: UserPermissionViewSet.create called. request.data= {'user': 2, 'module': 5, 'menu': 19, 'can_view': True, 'can_create': True, 'can_edit': True, 'can_delete': False}
DEBUG: UserPermissionViewSet.create called. request.data= {'user': 2, 'module': 5, 'menu': 20, 'can_view': True, 'can_create': True, 'can_edit': True, 'can_delete': False}
DEBUG: UserPermissionViewSet.create called. request.data= {'user': 2, 'module': 5, 'menu': 21, 'can_view': True, 'can_create': True, 'can_edit': True, 'can_delete': False}
DEBUG: UserPermissionViewSet.create called. request.data= {'user': 2, 'module': 5, 'menu': 22, 'can_view': True, 'can_create': True, 'can_edit': True, 'can_delete': False}
DEBUG: UserPermissionViewSet.create called. request.data= {'user': 2, 'module': 5, 'menu': 23, 'can_view': True, 'can_create': True, 'can_edit': True, 'can_delete': False}
DEBUG: UserPermissionViewSet.create called. request.data= {'user': 2, 'module': 5, 'menu': 24, 'can_view': True, 'can_create': True, 'can_edit': True, 'can_delete': False}
DEBUG: UserPermissionViewSet.create called. request.data= {'user': 2, 'module': 5, 'menu': 25, 'can_view': True, 'can_create': True, 'can_edit': True, 'can_delete': False}
DEBUG: UserPermissionViewSet.create called. request.data= {'user': 2, 'module': 6, 'menu': 26, 'can_view': True, 'can_create': True, 'can_edit': True, 'can_delete': False}
DEBUG: UserPermissionViewSet.create called. request.data= {'user': 2, 'module': 6, 'menu': 27, 'can_view': True, 'can_create': True, 'can_edit': True, 'can_delete': False}
DEBUG: UserPermissionViewSet.create called. request.data= {'user': 2, 'module': 6, 'menu': 28, 'can_view': True, 'can_create': True, 'can_edit': True, 'can_delete': False}
DEBUG: UserPermissionViewSet.create called. request.data= {'user': 2, 'module': 6, 'menu': 29, 'can_view': True, 'can_create': True, 'can_edit': True, 'can_delete': False}
DEBUG: UserPermissionViewSet.create called. request.data= {'user': 3, 'module': 4, 'menu': 12, 'can_view': True, 'can_create': True, 'can_edit': True, 'can_delete': True}
DEBUG: UserPermissionViewSet.create called. request.data= {'user': 3, 'module': 4, 'menu': 13, 'can_view': True, 'can_create': True, 'can_edit': True, 'can_delete': True}
DEBUG: UserPermissionViewSet.create called. request.data= {'user': 3, 'module': 4, 'menu': 14, 'can_view': True, 'can_create': True, 'can_edit': True, 'can_delete': True}
DEBUG: UserPermissionViewSet.create called. request.data= {'user': 3, 'module': 4, 'menu': 15, 'can_view': True, 'can_create': True, 'can_edit': True, 'can_delete': True}
DEBUG: UserPermissionViewSet.create called. request.data= {'user': 3, 'module': 4, 'menu': 16, 'can_view': True, 'can_create': True, 'can_edit': True, 'can_delete': True}
DEBUG: UserPermissionViewSet.create called. request.data= {'user': 3, 'module': 4, 'menu': 17, 'can_view': True, 'can_create': True, 'can_edit': True, 'can_delete': True}
DEBUG: UserPermissionViewSet.create called. request.data= {'user': 3, 'module': 5, 'menu': 18, 'can_view': True, 'can_create': True, 'can_edit': True, 'can_delete': True}
DEBUG: UserPermissionViewSet.create called. request.data= {'user': 3, 'module': 5, 'menu': 19, 'can_view': True, 'can_create': True, 'can_edit': True, 'can_delete': True}
DEBUG: UserPermissionViewSet.create called. request.data= {'user': 3, 'module': 5, 'menu': 20, 'can_view': True, 'can_create': True, 'can_edit': True, 'can_delete': True}
DEBUG: UserPermissionViewSet.create called. request.data= {'user': 3, 'module': 5, 'menu': 21, 'can_view': True, 'can_create': True, 'can_edit': True, 'can_delete': True}
DEBUG: UserPermissionViewSet.create called. request.data= {'user': 3, 'module': 5, 'menu': 22, 'can_view': True, 'can_create': True, 'can_edit': True, 'can_delete': True}
DEBUG: UserPermissionViewSet.create called. request.data= {'user': 3, 'module': 5, 'menu': 23, 'can_view': True, 'can_create': True, 'can_edit': True, 'can_delete': True}
DEBUG: UserPermissionViewSet.create called. request.data= {'user': 3, 'module': 5, 'menu': 24, 'can_view': True, 'can_create': True, 'can_edit': True, 'can_delete': True}
DEBUG: UserPermissionViewSet.create called. request.data= {'user': 3, 'module': 5, 'menu': 25, 'can_view': True, 'can_create': True, 'can_edit': True, 'can_delete': True}
DEBUG: UserPermissionViewSet.create called. request.data= {'user': 3, 'module': 6, 'menu': 26, 'can_view': True, 'can_create': True, 'can_edit': True, 'can_delete': True}
DEBUG: UserPermissionViewSet.create called. request.data= {'user': 3, 'module': 6, 'menu': 27, 'can_view': True, 'can_create': True, 'can_edit': True, 'can_delete': True}
DEBUG: UserPermissionViewSet.create called. request.data= {'user': 3, 'module': 6, 'menu': 28, 'can_view': True, 'can_create': True, 'can_edit': True, 'can_delete': True}
DEBUG: UserPermissionViewSet.create called. request.data= {'user': 3, 'module': 6, 'menu': 29, 'can_view': True, 'can_create': True, 'can_edit': True, 'can_delete': True}
DEBUG: UserPermissionViewSet.create called. request.data= {'user': 8, 'module': 4, 'menu': 12, 'can_view': True, 'can_create': True, 'can_edit': True, 'can_delete': False}
DEBUG: UserPermissionViewSet.create called. request.data= {'user': 8, 'module': 4, 'menu': 13, 'can_view': True, 'can_create': True, 'can_edit': True, 'can_delete': False}
DEBUG: UserPermissionViewSet.create called. request.data= {'user': 8, 'module': 4, 'menu': 14, 'can_view': True, 'can_create': True, 'can_edit': True, 'can_delete': False}
DEBUG: UserPermissionViewSet.create called. request.data= {'user': 8, 'module': 4, 'menu': 15, 'can_view': True, 'can_create': True, 'can_edit': True, 'can_delete': False}
DEBUG: UserPermissionViewSet.create called. request.data= {'user': 8, 'module': 4, 'menu': 16, 'can_view': True, 'can_create': True, 'can_edit': True, 'can_delete': False}
DEBUG: UserPermissionViewSet.create called. request.data= {'user': 8, 'module': 4, 'menu': 17, 'can_view': True, 'can_create': True, 'can_edit': True, 'can_delete': False}
DEBUG: UserPermissionViewSet.create called. request.data= {'user': 8, 'module': 5, 'menu': 18, 'can_view': True, 'can_create': True, 'can_edit': True, 'can_delete': False}
DEBUG: UserPermissionViewSet.create called. request.data= {'user': 8, 'module': 5, 'menu': 19, 'can_view': True, 'can_create': True, 'can_edit': True, 'can_delete': False}
DEBUG: UserPermissionViewSet.create called. request.data= {'user': 8, 'module': 5, 'menu': 20, 'can_view': True, 'can_create': True, 'can_edit': True, 'can_delete': False}
DEBUG: UserPermissionViewSet.create called. request.data= {'user': 8, 'module': 5, 'menu': 21, 'can_view': True, 'can_create': True, 'can_edit': True, 'can_delete': False}
DEBUG: UserPermissionViewSet.create called. request.data= {'user': 8, 'module': 5, 'menu': 22, 'can_view': True, 'can_create': True, 'can_edit': True, 'can_delete': False}
DEBUG: UserPermissionViewSet.create called. request.data= {'user': 8, 'module': 5, 'menu': 23, 'can_view': True, 'can_create': True, 'can_edit': True, 'can_delete': False}
DEBUG: UserPermissionViewSet.create called. request.data= {'user': 8, 'module': 5, 'menu': 24, 'can_view': True, 'can_create': True, 'can_edit': True, 'can_delete': False}
DEBUG: UserPermissionViewSet.create called. request.data= {'user': 8, 'module': 5, 'menu': 25, 'can_view': True, 'can_create': True, 'can_edit': True, 'can_delete': False}
[DEBUG] Set default password for user id=9 to birthdate-derived value
[DEBUG] Set default password for user id=10 to birthdate-derived value
DEBUG: UserPermissionViewSet.update called. request.data= {'user': 2, 'module': 4, 'menu': 12, 'can_view': True, 'can_create': True, 'can_edit': True, 'can_delete': False}
DEBUG: UserPermissionViewSet.update called. request.data= {'user': 2, 'module': 4, 'menu': 13, 'can_view': True, 'can_create': True, 'can_edit': True, 'can_delete': False}
DEBUG: UserPermissionViewSet.update called. request.data= {'user': 2, 'module': 4, 'menu': 14, 'can_view': True, 'can_create': True, 'can_edit': True, 'can_delete': False}
DEBUG: UserPermissionViewSet.update called. request.data= {'user': 2, 'module': 4, 'menu': 15, 'can_view': True, 'can_create': True, 'can_edit': True, 'can_delete': False}
DEBUG: UserPermissionViewSet.update called. request.data= {'user': 2, 'module': 4, 'menu': 16, 'can_view': True, 'can_create': True, 'can_edit': True, 'can_delete': False}
DEBUG: UserPermissionViewSet.update called. request.data= {'user': 2, 'module': 4, 'menu': 17, 'can_view': True, 'can_create': True, 'can_edit': True, 'can_delete': False}
DEBUG: UserPermissionViewSet.update called. request.data= {'user': 2, 'module': 5, 'menu': 18, 'can_view': True, 'can_create': True, 'can_edit': True, 'can_delete': False}
DEBUG: UserPermissionViewSet.update called. request.data= {'user': 2, 'module': 5, 'menu': 19, 'can_view': True, 'can_create': True, 'can_edit': True, 'can_delete': False}
DEBUG: UserPermissionViewSet.update called. request.data= {'user': 2, 'module': 5, 'menu': 20, 'can_view': True, 'can_create': True, 'can_edit': True, 'can_delete': False}
DEBUG: UserPermissionViewSet.update called. request.data= {'user': 2, 'module': 5, 'menu': 21, 'can_view': True, 'can_create': True, 'can_edit': True, 'can_delete': False}
DEBUG: UserPermissionViewSet.update called. request.data= {'user': 2, 'module': 5, 'menu': 22, 'can_view': True, 'can_create': True, 'can_edit': True, 'can_delete': False}
DEBUG: UserPermissionViewSet.update called. request.data= {'user': 2, 'module': 5, 'menu': 23, 'can_view': True, 'can_create': True, 'can_edit': True, 'can_delete': False}
DEBUG: UserPermissionViewSet.update called. request.data= {'user': 2, 'module': 5, 'menu': 24, 'can_view': True, 'can_create': True, 'can_edit': True, 'can_delete': False}
DEBUG: UserPermissionViewSet.update called. request.data= {'user': 2, 'module': 5, 'menu': 25, 'can_view': True, 'can_create': True, 'can_edit': True, 'can_delete': False}
DEBUG: UserPermissionViewSet.update called. request.data= {'user': 2, 'module': 6, 'menu': 26, 'can_view': True, 'can_create': True, 'can_edit': True, 'can_delete': False}
DEBUG: UserPermissionViewSet.update called. request.data= {'user': 2, 'module': 6, 'menu': 27, 'can_view': True, 'can_create': True, 'can_edit': True, 'can_delete': False}
DEBUG: UserPermissionViewSet.update called. request.data= {'user': 2, 'module': 6, 'menu': 28, 'can_view': True, 'can_create': True, 'can_edit': True, 'can_delete': False}
DEBUG: UserPermissionViewSet.update called. request.data= {'user': 2, 'module': 6, 'menu': 29, 'can_view': True, 'can_create': True, 'can_edit': True, 'can_delete': False}
